This file contains any messages produced by compilers while
running configure, to aid debugging if configure makes a mistake.

It was created by treezip configure 3.0, which was
generated by GNU Autoconf 2.69.  Invocation command line was

  $ ./configure --no-create --no-recursion

## --------- ##
## Platform. ##
## --------- ##

hostname = korora
uname -m = x86_64
uname -r = 3.13.0-45-generic
uname -s = Linux
uname -v = #74-Ubuntu SMP Tue Jan 13 19:36:28 UTC 2015

/usr/bin/uname -p = unknown
/bin/uname -X     = unknown

/bin/arch              = unknown
/usr/bin/arch -k       = unknown
/usr/convex/getsysinfo = unknown
/usr/bin/hostinfo      = unknown
/bin/machine           = unknown
/usr/bin/oslevel       = unknown
/bin/universe          = unknown

PATH: /home/sjm/bin
PATH: /usr/local/sbin
PATH: /usr/local/bin
PATH: /usr/sbin
PATH: /usr/bin
PATH: /sbin
PATH: /bin
PATH: /usr/games
PATH: /usr/local/games
PATH: /home/sjm/bin


## ----------- ##
## Core tests. ##
## ----------- ##

configure:2337: checking for a BSD-compatible install
configure:2405: result: /usr/bin/install -c
configure:2416: checking whether build environment is sane
configure:2466: result: yes
configure:2607: checking for a thread-safe mkdir -p
configure:2646: result: /bin/mkdir -p
configure:2659: checking for gawk
configure:2675: found /usr/bin/gawk
configure:2686: result: gawk
configure:2697: checking whether make sets $(MAKE)
configure:2719: result: yes
configure:2850: checking for gcc
configure:2866: found /usr/bin/gcc
configure:2877: result: gcc
configure:3106: checking for C compiler version
configure:3115: gcc --version >&5
gcc (Ubuntu 4.8.2-19ubuntu1) 4.8.2
Copyright (C) 2013 Free Software Foundation, Inc.
This is free software; see the source for copying conditions.  There is NO
warranty; not even for MERCHANTABILITY or FITNESS FOR A PARTICULAR PURPOSE.

configure:3126: $? = 0
configure:3115: gcc -v >&5
Using built-in specs.
COLLECT_GCC=gcc
COLLECT_LTO_WRAPPER=/usr/lib/gcc/x86_64-linux-gnu/4.8/lto-wrapper
Target: x86_64-linux-gnu
Configured with: ../src/configure -v --with-pkgversion='Ubuntu 4.8.2-19ubuntu1' --with-bugurl=file:///usr/share/doc/gcc-4.8/README.Bugs --enable-languages=c,c++,java,go,d,fortran,objc,obj-c++ --prefix=/usr --program-suffix=-4.8 --enable-shared --enable-linker-build-id --libexecdir=/usr/lib --without-included-gettext --enable-threads=posix --with-gxx-include-dir=/usr/include/c++/4.8 --libdir=/usr/lib --enable-nls --with-sysroot=/ --enable-clocale=gnu --enable-libstdcxx-debug --enable-libstdcxx-time=yes --enable-gnu-unique-object --disable-libmudflap --enable-plugin --with-system-zlib --disable-browser-plugin --enable-java-awt=gtk --enable-gtk-cairo --with-java-home=/usr/lib/jvm/java-1.5.0-gcj-4.8-amd64/jre --enable-java-home --with-jvm-root-dir=/usr/lib/jvm/java-1.5.0-gcj-4.8-amd64 --with-jvm-jar-dir=/usr/lib/jvm-exports/java-1.5.0-gcj-4.8-amd64 --with-arch-directory=amd64 --with-ecj-jar=/usr/share/java/eclipse-ecj.jar --enable-objc-gc --enable-multiarch --disable-werror --with-arch-32=i686 --with-abi=m64 --with-multilib-list=m32,m64,mx32 --with-tune=generic --enable-checking=release --build=x86_64-linux-gnu --host=x86_64-linux-gnu --target=x86_64-linux-gnu
Thread model: posix
gcc version 4.8.2 (Ubuntu 4.8.2-19ubuntu1) 
configure:3126: $? = 0
configure:3115: gcc -V >&5
gcc: error: unrecognized command line option '-V'
gcc: fatal error: no input files
compilation terminated.
configure:3126: $? = 4
configure:3115: gcc -qversion >&5
gcc: error: unrecognized command line option '-qversion'
gcc: fatal error: no input files
compilation terminated.
configure:3126: $? = 4
configure:3146: checking whether the C compiler works
configure:3168: gcc    conftest.c  >&5
configure:3172: $? = 0
configure:3220: result: yes
configure:3223: checking for C compiler default output file name
configure:3225: result: a.out
configure:3231: checking for suffix of executables
configure:3238: gcc -o conftest    conftest.c  >&5
configure:3242: $? = 0
configure:3264: result: 
configure:3286: checking whether we are cross compiling
configure:3294: gcc -o conftest    conftest.c  >&5
configure:3298: $? = 0
configure:3305: ./conftest
configure:3309: $? = 0
configure:3324: result: no
configure:3329: checking for suffix of object files
configure:3351: gcc -c   conftest.c >&5
configure:3355: $? = 0
configure:3376: result: o
configure:3380: checking whether we are using the GNU C compiler
configure:3399: gcc -c   conftest.c >&5
configure:3399: $? = 0
configure:3408: result: yes
configure:3417: checking whether gcc accepts -g
configure:3437: gcc -c -g  conftest.c >&5
configure:3437: $? = 0
configure:3478: result: yes
configure:3495: checking for gcc option to accept ISO C89
configure:3558: gcc  -c   conftest.c >&5
configure:3558: $? = 0
configure:3571: result: none needed
configure:3602: checking for style of include used by make
configure:3630: result: GNU
configure:3656: checking dependency style of gcc
configure:3767: result: gcc3
configure:3842: checking for g++
configure:3858: found /usr/bin/g++
configure:3869: result: g++
configure:3896: checking for C++ compiler version
configure:3905: g++ --version >&5
g++ (Ubuntu 4.8.2-19ubuntu1) 4.8.2
Copyright (C) 2013 Free Software Foundation, Inc.
This is free software; see the source for copying conditions.  There is NO
warranty; not even for MERCHANTABILITY or FITNESS FOR A PARTICULAR PURPOSE.

configure:3916: $? = 0
configure:3905: g++ -v >&5
Using built-in specs.
COLLECT_GCC=g++
COLLECT_LTO_WRAPPER=/usr/lib/gcc/x86_64-linux-gnu/4.8/lto-wrapper
Target: x86_64-linux-gnu
Configured with: ../src/configure -v --with-pkgversion='Ubuntu 4.8.2-19ubuntu1' --with-bugurl=file:///usr/share/doc/gcc-4.8/README.Bugs --enable-languages=c,c++,java,go,d,fortran,objc,obj-c++ --prefix=/usr --program-suffix=-4.8 --enable-shared --enable-linker-build-id --libexecdir=/usr/lib --without-included-gettext --enable-threads=posix --with-gxx-include-dir=/usr/include/c++/4.8 --libdir=/usr/lib --enable-nls --with-sysroot=/ --enable-clocale=gnu --enable-libstdcxx-debug --enable-libstdcxx-time=yes --enable-gnu-unique-object --disable-libmudflap --enable-plugin --with-system-zlib --disable-browser-plugin --enable-java-awt=gtk --enable-gtk-cairo --with-java-home=/usr/lib/jvm/java-1.5.0-gcj-4.8-amd64/jre --enable-java-home --with-jvm-root-dir=/usr/lib/jvm/java-1.5.0-gcj-4.8-amd64 --with-jvm-jar-dir=/usr/lib/jvm-exports/java-1.5.0-gcj-4.8-amd64 --with-arch-directory=amd64 --with-ecj-jar=/usr/share/java/eclipse-ecj.jar --enable-objc-gc --enable-multiarch --disable-werror --with-arch-32=i686 --with-abi=m64 --with-multilib-list=m32,m64,mx32 --with-tune=generic --enable-checking=release --build=x86_64-linux-gnu --host=x86_64-linux-gnu --target=x86_64-linux-gnu
Thread model: posix
gcc version 4.8.2 (Ubuntu 4.8.2-19ubuntu1) 
configure:3916: $? = 0
configure:3905: g++ -V >&5
g++: error: unrecognized command line option '-V'
g++: fatal error: no input files
compilation terminated.
configure:3916: $? = 4
configure:3905: g++ -qversion >&5
g++: error: unrecognized command line option '-qversion'
g++: fatal error: no input files
compilation terminated.
configure:3916: $? = 4
configure:3920: checking whether we are using the GNU C++ compiler
configure:3939: g++ -c   conftest.cpp >&5
configure:3939: $? = 0
configure:3948: result: yes
configure:3957: checking whether g++ accepts -g
configure:3977: g++ -c -g  conftest.cpp >&5
configure:3977: $? = 0
configure:4018: result: yes
configure:4043: checking dependency style of g++
configure:4154: result: gcc3
configure:4183: checking how to run the C++ preprocessor
configure:4210: g++ -E  conftest.cpp
configure:4210: $? = 0
configure:4224: g++ -E  conftest.cpp
conftest.cpp:11:28: fatal error: ac_nonexistent.h: No such file or directory
 #include <ac_nonexistent.h>
                            ^
compilation terminated.
configure:4224: $? = 1
configure: failed program was:
| /* confdefs.h */
| #define PACKAGE_NAME "treezip"
| #define PACKAGE_TARNAME "treezip"
| #define PACKAGE_VERSION "3.0"
| #define PACKAGE_STRING "treezip 3.0"
| #define PACKAGE_BUGREPORT "suzanne.matthews@usma.edu"
| #define PACKAGE_URL ""
| #define PACKAGE "treezip"
| #define VERSION "3.0"
| /* end confdefs.h.  */
| #include <ac_nonexistent.h>
configure:4249: result: g++ -E
configure:4269: g++ -E  conftest.cpp
configure:4269: $? = 0
configure:4283: g++ -E  conftest.cpp
conftest.cpp:11:28: fatal error: ac_nonexistent.h: No such file or directory
 #include <ac_nonexistent.h>
                            ^
compilation terminated.
configure:4283: $? = 1
configure: failed program was:
| /* confdefs.h */
| #define PACKAGE_NAME "treezip"
| #define PACKAGE_TARNAME "treezip"
| #define PACKAGE_VERSION "3.0"
| #define PACKAGE_STRING "treezip 3.0"
| #define PACKAGE_BUGREPORT "suzanne.matthews@usma.edu"
| #define PACKAGE_URL ""
| #define PACKAGE "treezip"
| #define VERSION "3.0"
| /* end confdefs.h.  */
| #include <ac_nonexistent.h>
configure:4312: checking for grep that handles long lines and -e
configure:4370: result: /bin/grep
configure:4375: checking for egrep
configure:4437: result: /bin/grep -E
configure:4442: checking for ANSI C header files
configure:4462: g++ -c   conftest.cpp >&5
configure:4462: $? = 0
configure:4535: g++ -o conftest    conftest.cpp  >&5
configure:4535: $? = 0
configure:4535: ./conftest
configure:4535: $? = 0
configure:4546: result: yes
configure:4559: checking for sys/types.h
configure:4559: g++ -c   conftest.cpp >&5
configure:4559: $? = 0
configure:4559: result: yes
configure:4559: checking for sys/stat.h
configure:4559: g++ -c   conftest.cpp >&5
configure:4559: $? = 0
configure:4559: result: yes
configure:4559: checking for stdlib.h
configure:4559: g++ -c   conftest.cpp >&5
configure:4559: $? = 0
configure:4559: result: yes
configure:4559: checking for string.h
configure:4559: g++ -c   conftest.cpp >&5
configure:4559: $? = 0
configure:4559: result: yes
configure:4559: checking for memory.h
configure:4559: g++ -c   conftest.cpp >&5
configure:4559: $? = 0
configure:4559: result: yes
configure:4559: checking for strings.h
configure:4559: g++ -c   conftest.cpp >&5
configure:4559: $? = 0
configure:4559: result: yes
configure:4559: checking for inttypes.h
configure:4559: g++ -c   conftest.cpp >&5
configure:4559: $? = 0
configure:4559: result: yes
configure:4559: checking for stdint.h
configure:4559: g++ -c   conftest.cpp >&5
configure:4559: $? = 0
configure:4559: result: yes
configure:4559: checking for unistd.h
configure:4559: g++ -c   conftest.cpp >&5
configure:4559: $? = 0
configure:4559: result: yes
configure:4574: checking for stdint.h
configure:4574: result: yes
configure:4574: checking for stdlib.h
configure:4574: result: yes
configure:4574: checking for string.h
configure:4574: result: yes
configure:4574: checking sys/time.h usability
configure:4574: g++ -c   conftest.cpp >&5
configure:4574: $? = 0
configure:4574: result: yes
configure:4574: checking sys/time.h presence
configure:4574: g++ -E  conftest.cpp
configure:4574: $? = 0
configure:4574: result: yes
configure:4574: checking for sys/time.h
configure:4574: result: yes
configure:4574: checking for unistd.h
configure:4574: result: yes
configure:4574: checking sstream usability
configure:4574: g++ -c   conftest.cpp >&5
configure:4574: $? = 0
configure:4574: result: yes
configure:4574: checking sstream presence
configure:4574: g++ -E  conftest.cpp
configure:4574: $? = 0
configure:4574: result: yes
configure:4574: checking for sstream
configure:4574: result: yes
configure:4574: checking strstream usability
configure:4574: g++ -c   conftest.cpp >&5
In file included from /usr/include/c++/4.8/backward/strstream:51:0,
                 from conftest.cpp:60:
/usr/include/c++/4.8/backward/backward_warning.h:32:2: warning: #warning This file includes at least one deprecated or antiquated header which may be removed without further notice at a future date. Please use a non-deprecated interface with equivalent functionality instead. For a listing of replacement headers and interfaces, consult the file backward_warning.h. To disable this warning use -Wno-deprecated. [-Wcpp]
 #warning \
  ^
configure:4574: $? = 0
configure:4574: result: yes
configure:4574: checking strstream presence
configure:4574: g++ -E  conftest.cpp
In file included from /usr/include/c++/4.8/backward/strstream:51:0,
                 from conftest.cpp:27:
/usr/include/c++/4.8/backward/backward_warning.h:32:2: warning: #warning This file includes at least one deprecated or antiquated header which may be removed without further notice at a future date. Please use a non-deprecated interface with equivalent functionality instead. For a listing of replacement headers and interfaces, consult the file backward_warning.h. To disable this warning use -Wno-deprecated. [-Wcpp]
 #warning \
  ^
configure:4574: $? = 0
configure:4574: result: yes
configure:4574: checking for strstream
configure:4574: result: yes
configure:4586: checking for stdbool.h that conforms to C99
configure:4653: g++ -c   conftest.cpp >&5
configure:4653: $? = 0
configure:4660: result: yes
configure:4662: checking for _Bool
configure:4662: g++ -c   conftest.cpp >&5
conftest.cpp: In function 'int main()':
conftest.cpp:64:13: error: '_Bool' was not declared in this scope
 if (sizeof (_Bool))
             ^
configure:4662: $? = 1
configure: failed program was:
| /* confdefs.h */
| #define PACKAGE_NAME "treezip"
| #define PACKAGE_TARNAME "treezip"
| #define PACKAGE_VERSION "3.0"
| #define PACKAGE_STRING "treezip 3.0"
| #define PACKAGE_BUGREPORT "suzanne.matthews@usma.edu"
| #define PACKAGE_URL ""
| #define PACKAGE "treezip"
| #define VERSION "3.0"
| #define STDC_HEADERS 1
| #define HAVE_SYS_TYPES_H 1
| #define HAVE_SYS_STAT_H 1
| #define HAVE_STDLIB_H 1
| #define HAVE_STRING_H 1
| #define HAVE_MEMORY_H 1
| #define HAVE_STRINGS_H 1
| #define HAVE_INTTYPES_H 1
| #define HAVE_STDINT_H 1
| #define HAVE_UNISTD_H 1
| #define HAVE_STDINT_H 1
| #define HAVE_STDLIB_H 1
| #define HAVE_STRING_H 1
| #define HAVE_SYS_TIME_H 1
| #define HAVE_UNISTD_H 1
| #define HAVE_SSTREAM 1
| #define HAVE_STRSTREAM 1
| /* end confdefs.h.  */
| #include <stdio.h>
| #ifdef HAVE_SYS_TYPES_H
| # include <sys/types.h>
| #endif
| #ifdef HAVE_SYS_STAT_H
| # include <sys/stat.h>
| #endif
| #ifdef STDC_HEADERS
| # include <stdlib.h>
| # include <stddef.h>
| #else
| # ifdef HAVE_STDLIB_H
| #  include <stdlib.h>
| # endif
| #endif
| #ifdef HAVE_STRING_H
| # if !defined STDC_HEADERS && defined HAVE_MEMORY_H
| #  include <memory.h>
| # endif
| # include <string.h>
| #endif
| #ifdef HAVE_STRINGS_H
| # include <strings.h>
| #endif
| #ifdef HAVE_INTTYPES_H
| # include <inttypes.h>
| #endif
| #ifdef HAVE_STDINT_H
| # include <stdint.h>
| #endif
| #ifdef HAVE_UNISTD_H
| # include <unistd.h>
| #endif
| int
| main ()
| {
| if (sizeof (_Bool))
| 	 return 0;
|   ;
|   return 0;
| }
configure:4662: result: no
configure:4679: checking for an ANSI C-conforming const
configure:4745: g++ -c   conftest.cpp >&5
configure:4745: $? = 0
configure:4752: result: yes
configure:4760: checking for inline
configure:4776: g++ -c   conftest.cpp >&5
configure:4776: $? = 0
configure:4784: result: inline
configure:4802: checking for size_t
configure:4802: g++ -c   conftest.cpp >&5
configure:4802: $? = 0
configure:4802: g++ -c   conftest.cpp >&5
conftest.cpp: In function 'int main()':
conftest.cpp:65:20: error: expected primary-expression before ')' token
 if (sizeof ((size_t)))
                    ^
configure:4802: $? = 1
configure: failed program was:
| /* confdefs.h */
| #define PACKAGE_NAME "treezip"
| #define PACKAGE_TARNAME "treezip"
| #define PACKAGE_VERSION "3.0"
| #define PACKAGE_STRING "treezip 3.0"
| #define PACKAGE_BUGREPORT "suzanne.matthews@usma.edu"
| #define PACKAGE_URL ""
| #define PACKAGE "treezip"
| #define VERSION "3.0"
| #define STDC_HEADERS 1
| #define HAVE_SYS_TYPES_H 1
| #define HAVE_SYS_STAT_H 1
| #define HAVE_STDLIB_H 1
| #define HAVE_STRING_H 1
| #define HAVE_MEMORY_H 1
| #define HAVE_STRINGS_H 1
| #define HAVE_INTTYPES_H 1
| #define HAVE_STDINT_H 1
| #define HAVE_UNISTD_H 1
| #define HAVE_STDINT_H 1
| #define HAVE_STDLIB_H 1
| #define HAVE_STRING_H 1
| #define HAVE_SYS_TIME_H 1
| #define HAVE_UNISTD_H 1
| #define HAVE_SSTREAM 1
| #define HAVE_STRSTREAM 1
| #define HAVE_STDBOOL_H 1
| /* end confdefs.h.  */
| #include <stdio.h>
| #ifdef HAVE_SYS_TYPES_H
| # include <sys/types.h>
| #endif
| #ifdef HAVE_SYS_STAT_H
| # include <sys/stat.h>
| #endif
| #ifdef STDC_HEADERS
| # include <stdlib.h>
| # include <stddef.h>
| #else
| # ifdef HAVE_STDLIB_H
| #  include <stdlib.h>
| # endif
| #endif
| #ifdef HAVE_STRING_H
| # if !defined STDC_HEADERS && defined HAVE_MEMORY_H
| #  include <memory.h>
| # endif
| # include <string.h>
| #endif
| #ifdef HAVE_STRINGS_H
| # include <strings.h>
| #endif
| #ifdef HAVE_INTTYPES_H
| # include <inttypes.h>
| #endif
| #ifdef HAVE_STDINT_H
| # include <stdint.h>
| #endif
| #ifdef HAVE_UNISTD_H
| # include <unistd.h>
| #endif
| int
| main ()
| {
| if (sizeof ((size_t)))
| 	    return 0;
|   ;
|   return 0;
| }
configure:4802: result: yes
configure:4813: checking whether time.h and sys/time.h may both be included
configure:4833: g++ -c   conftest.cpp >&5
configure:4833: $? = 0
configure:4840: result: yes
configure:4848: checking whether struct tm is in sys/time.h or time.h
configure:4868: g++ -c   conftest.cpp >&5
configure:4868: $? = 0
configure:4875: result: time.h
configure:4883: checking for uint32_t
configure:4883: g++ -c   conftest.cpp >&5
configure:4883: $? = 0
configure:4883: result: yes
configure:4897: checking for uint64_t
configure:4897: g++ -c   conftest.cpp >&5
configure:4897: $? = 0
configure:4897: result: yes
configure:4913: checking for error_at_line
configure:4929: g++ -o conftest    conftest.cpp  >&5
configure:4929: $? = 0
configure:4937: result: yes
configure:4950: checking for stdlib.h
configure:4950: result: yes
configure:4960: checking for GNU libc compatible malloc
configure:4984: g++ -o conftest    conftest.cpp  >&5
configure:4984: $? = 0
configure:4984: ./conftest
configure:4984: $? = 0
configure:4994: result: yes
configure:5017: checking for stdlib.h
configure:5017: result: yes
configure:5027: checking for GNU libc compatible realloc
configure:5051: g++ -o conftest    conftest.cpp  >&5
configure:5051: $? = 0
configure:5051: ./conftest
configure:5051: $? = 0
configure:5061: result: yes
configure:5085: checking for floor
configure:5085: g++ -o conftest    conftest.cpp  >&5
configure:5085: $? = 0
configure:5085: result: yes
configure:5085: checking for gettimeofday
configure:5085: g++ -o conftest    conftest.cpp  >&5
configure:5085: $? = 0
configure:5085: result: yes
configure:5085: checking for pow
configure:5085: g++ -o conftest    conftest.cpp  >&5
configure:5085: $? = 0
configure:5085: result: yes
configure:5085: checking for sqrt
configure:5085: g++ -o conftest    conftest.cpp  >&5
configure:5085: $? = 0
configure:5085: result: yes
configure:5085: checking for strchr
configure:5085: g++ -o conftest    conftest.cpp  >&5
configure:5085: $? = 0
configure:5085: result: yes
configure:5085: checking for strtoull
configure:5085: g++ -o conftest    conftest.cpp  >&5
configure:5085: $? = 0
configure:5085: result: yes
configure:5246: creating ./config.status

## ---------------- ##
## Cache variables. ##
## ---------------- ##

ac_cv_c_compiler_gnu=yes
ac_cv_c_const=yes
ac_cv_c_inline=inline
ac_cv_c_uint32_t=yes
ac_cv_c_uint64_t=yes
ac_cv_cxx_compiler_gnu=yes
ac_cv_env_CCC_set=
ac_cv_env_CCC_value=
ac_cv_env_CC_set=
ac_cv_env_CC_value=
ac_cv_env_CFLAGS_set=
ac_cv_env_CFLAGS_value=
ac_cv_env_CPPFLAGS_set=
ac_cv_env_CPPFLAGS_value=
ac_cv_env_CXXCPP_set=
ac_cv_env_CXXCPP_value=
ac_cv_env_CXXFLAGS_set=
ac_cv_env_CXXFLAGS_value=
ac_cv_env_CXX_set=
ac_cv_env_CXX_value=
ac_cv_env_LDFLAGS_set=
ac_cv_env_LDFLAGS_value=
ac_cv_env_LIBS_set=
ac_cv_env_LIBS_value=
ac_cv_env_build_alias_set=
ac_cv_env_build_alias_value=
ac_cv_env_host_alias_set=
ac_cv_env_host_alias_value=
ac_cv_env_target_alias_set=
ac_cv_env_target_alias_value=
ac_cv_func_floor=yes
ac_cv_func_gettimeofday=yes
ac_cv_func_malloc_0_nonnull=yes
ac_cv_func_pow=yes
ac_cv_func_realloc_0_nonnull=yes
ac_cv_func_sqrt=yes
ac_cv_func_strchr=yes
ac_cv_func_strtoull=yes
ac_cv_header_inttypes_h=yes
ac_cv_header_memory_h=yes
ac_cv_header_sstream=yes
ac_cv_header_stdbool_h=yes
ac_cv_header_stdc=yes
ac_cv_header_stdint_h=yes
ac_cv_header_stdlib_h=yes
ac_cv_header_string_h=yes
ac_cv_header_strings_h=yes
ac_cv_header_strstream=yes
ac_cv_header_sys_stat_h=yes
ac_cv_header_sys_time_h=yes
ac_cv_header_sys_types_h=yes
ac_cv_header_time=yes
ac_cv_header_unistd_h=yes
ac_cv_lib_error_at_line=yes
ac_cv_objext=o
ac_cv_path_EGREP='/bin/grep -E'
ac_cv_path_GREP=/bin/grep
ac_cv_path_install='/usr/bin/install -c'
ac_cv_path_mkdir=/bin/mkdir
ac_cv_prog_AWK=gawk
ac_cv_prog_CXXCPP='g++ -E'
ac_cv_prog_ac_ct_CC=gcc
ac_cv_prog_ac_ct_CXX=g++
ac_cv_prog_cc_c89=
ac_cv_prog_cc_g=yes
ac_cv_prog_cxx_g=yes
ac_cv_prog_make_make_set=yes
ac_cv_struct_tm=time.h
ac_cv_type__Bool=no
ac_cv_type_size_t=yes
am_cv_CC_dependencies_compiler_type=gcc3
am_cv_CXX_dependencies_compiler_type=gcc3

## ----------------- ##
## Output variables. ##
## ----------------- ##

ACLOCAL='${SHELL} /home/sjm/Documents/Research/TAMU/TreeZip/treezip-3.0/missing --run aclocal-1.11'
AMDEPBACKSLASH='\'
AMDEP_FALSE='#'
AMDEP_TRUE=''
AMTAR='$${TAR-tar}'
AUTOCONF='${SHELL} /home/sjm/Documents/Research/TAMU/TreeZip/treezip-3.0/missing --run autoconf'
AUTOHEADER='${SHELL} /home/sjm/Documents/Research/TAMU/TreeZip/treezip-3.0/missing --run autoheader'
AUTOMAKE='${SHELL} /home/sjm/Documents/Research/TAMU/TreeZip/treezip-3.0/missing --run automake-1.11'
AWK='gawk'
CC='gcc'
CCDEPMODE='depmode=gcc3'
CFLAGS=''
CPPFLAGS=''
CXX='g++'
CXXCPP='g++ -E'
CXXDEPMODE='depmode=gcc3'
CXXFLAGS=''
CYGPATH_W='echo'
DEFS='-DHAVE_CONFIG_H'
DEPDIR='.deps'
ECHO_C=''
ECHO_N='-n'
ECHO_T=''
EGREP='/bin/grep -E'
EXEEXT=''
GREP='/bin/grep'
INSTALL_DATA='${INSTALL} -m 644'
INSTALL_PROGRAM='${INSTALL}'
INSTALL_SCRIPT='${INSTALL}'
INSTALL_STRIP_PROGRAM='$(install_sh) -c -s'
LDFLAGS=''
LIBOBJS=''
LIBS=''
LTLIBOBJS=''
MAKEINFO='${SHELL} /home/sjm/Documents/Research/TAMU/TreeZip/treezip-3.0/missing --run makeinfo'
MKDIR_P='/bin/mkdir -p'
OBJEXT='o'
PACKAGE='treezip'
PACKAGE_BUGREPORT='suzanne.matthews@usma.edu'
PACKAGE_NAME='treezip'
PACKAGE_STRING='treezip 3.0'
PACKAGE_TARNAME='treezip'
PACKAGE_URL=''
PACKAGE_VERSION='3.0'
PATH_SEPARATOR=':'
SET_MAKE=''
SHELL='/bin/bash'
STRIP=''
VERSION='3.0'
ac_ct_CC='gcc'
ac_ct_CXX='g++'
am__EXEEXT_FALSE=''
am__EXEEXT_TRUE='#'
am__fastdepCC_FALSE='#'
am__fastdepCC_TRUE=''
am__fastdepCXX_FALSE='#'
am__fastdepCXX_TRUE=''
am__include='include'
am__isrc=''
am__leading_dot='.'
am__nodep='_no'
am__quote=''
am__tar='$${TAR-tar} chof - "$$tardir"'
am__untar='$${TAR-tar} xf -'
bindir='${exec_prefix}/bin'
build_alias=''
datadir='${datarootdir}'
datarootdir='${prefix}/share'
docdir='${datarootdir}/doc/${PACKAGE_TARNAME}'
dvidir='${docdir}'
exec_prefix='${prefix}'
host_alias=''
htmldir='${docdir}'
includedir='${prefix}/include'
infodir='${datarootdir}/info'
install_sh='${SHELL} /home/sjm/Documents/Research/TAMU/TreeZip/treezip-3.0/install-sh'
libdir='${exec_prefix}/lib'
libexecdir='${exec_prefix}/libexec'
localedir='${datarootdir}/locale'
localstatedir='${prefix}/var'
mandir='${datarootdir}/man'
mkdir_p='/bin/mkdir -p'
oldincludedir='/usr/include'
pdfdir='${docdir}'
prefix='/usr/local'
program_transform_name='s,x,x,'
psdir='${docdir}'
sbindir='${exec_prefix}/sbin'
sharedstatedir='${prefix}/com'
sysconfdir='${prefix}/etc'
target_alias=''

## ----------- ##
## confdefs.h. ##
## ----------- ##

/* confdefs.h */
#define PACKAGE_NAME "treezip"
#define PACKAGE_TARNAME "treezip"
#define PACKAGE_VERSION "3.0"
#define PACKAGE_STRING "treezip 3.0"
#define PACKAGE_BUGREPORT "suzanne.matthews@usma.edu"
#define PACKAGE_URL ""
#define PACKAGE "treezip"
#define VERSION "3.0"
#define STDC_HEADERS 1
#define HAVE_SYS_TYPES_H 1
#define HAVE_SYS_STAT_H 1
#define HAVE_STDLIB_H 1
#define HAVE_STRING_H 1
#define HAVE_MEMORY_H 1
#define HAVE_STRINGS_H 1
#define HAVE_INTTYPES_H 1
#define HAVE_STDINT_H 1
#define HAVE_UNISTD_H 1
#define HAVE_STDINT_H 1
#define HAVE_STDLIB_H 1
#define HAVE_STRING_H 1
#define HAVE_SYS_TIME_H 1
#define HAVE_UNISTD_H 1
#define HAVE_SSTREAM 1
#define HAVE_STRSTREAM 1
#define HAVE_STDBOOL_H 1
#define TIME_WITH_SYS_TIME 1
#define HAVE_STDLIB_H 1
#define HAVE_MALLOC 1
#define HAVE_STDLIB_H 1
#define HAVE_REALLOC 1
#define HAVE_FLOOR 1
#define HAVE_GETTIMEOFDAY 1
#define HAVE_POW 1
#define HAVE_SQRT 1
#define HAVE_STRCHR 1
#define HAVE_STRTOULL 1

configure: exit 0

## ---------------------- ##
## Running config.status. ##
## ---------------------- ##

This file was extended by treezip config.status 3.0, which was
generated by GNU Autoconf 2.69.  Invocation command line was

  CONFIG_FILES    = 
  CONFIG_HEADERS  = 
  CONFIG_LINKS    = 
  CONFIG_COMMANDS = 
  $ ./config.status 

on korora

config.status:874: creating Makefile
config.status:874: creating TreeZip/Makefile
config.status:874: creating config.h
config.status:1055: config.h is unchanged
config.status:1103: executing depfiles commands

## ---------------------- ##
## Running config.status. ##
## ---------------------- ##

This file was extended by treezip config.status 3.0, which was
generated by GNU Autoconf 2.69.  Invocation command line was

  CONFIG_FILES    = 
  CONFIG_HEADERS  = 
  CONFIG_LINKS    = 
  CONFIG_COMMANDS = 
  $ ./config.status config.h

on korora

config.status:874: creating config.h
config.status:1055: config.h is unchanged
